0 info it worked if it ends with ok
1 verbose cli [ 'node', '/usr/local/bin/npm', 'run-script', 'frontend' ]
2 info using npm@1.4.28
3 info using node@v0.10.32
4 verbose run-script [ 'prefrontend', 'frontend', 'postfrontend' ]
5 info prefrontend newsAggregator@1.0.0
6 info frontend newsAggregator@1.0.0
7 verbose unsafe-perm in lifecycle true
8 info newsAggregator@1.0.0 Failed to exec frontend script
9 error newsAggregator@1.0.0 frontend: `node node_modules/karma/bin/karma start frontend/test/karma.conf.js`
9 error Exit status 8
10 error Failed at the newsAggregator@1.0.0 frontend script.
10 error This is most likely a problem with the newsAggregator package,
10 error not with npm itself.
10 error Tell the author that this fails on your system:
10 error     node node_modules/karma/bin/karma start frontend/test/karma.conf.js
10 error You can get their info via:
10 error     npm owner ls newsAggregator
10 error There is likely additional logging output above.
11 error System Darwin 13.4.0
12 error command "node" "/usr/local/bin/npm" "run-script" "frontend"
13 error cwd /Users/pabloportabales/projects/Makers/newsAggregator
14 error node -v v0.10.32
15 error npm -v 1.4.28
16 error code ELIFECYCLE
17 verbose exit [ 1, true ]
